<?xml version="1.0" encoding="UTF-8"?>
<testsuite xmlns:xsi="http://www.w3.org/2001/XMLSchema-instance" xsi:noNamespaceSchemaLocation="https://maven.apache.org/surefire/maven-surefire-plugin/xsd/surefire-test-report.xsd" name="BonusRewardsTest" time="1.817" tests="7" errors="0" skipped="0" failures="0">
  <properties>
[...]
</properties>
  <testcase name="testCheckCollision" classname="BonusRewardsTest" time="0.233"/>
  <testcase name="testSpawning" classname="BonusRewardsTest" time="0.283"/>
  <testcase name="testDraw" classname="BonusRewardsTest" time="0.249"/>
  <testcase name="testSetRewardAmount" classname="BonusRewardsTest" time="0.311"/>
  <testcase name="testGetBonusRewardsSprite" classname="BonusRewardsTest" time="0.235"/>
  <testcase name="reAllocateClaimReward" classname="BonusRewardsTest" time="0.226"/>
  <testcase name="testClaimReward" classname="BonusRewardsTest" time="0.279"/>
</testsuite>