<?xml version="1.0" encoding="UTF-8"?>
<testsuite xmlns:xsi="http://www.w3.org/2001/XMLSchema-instance" xsi:noNamespaceSchemaLocation="https://maven.apache.org/surefire/maven-surefire-plugin/xsd/surefire-test-report-3.0.xsd" version="3.0" name="StaticEnemyTest" time="3.094" tests="6" errors="0" skipped="0" failures="1">
  <properties>
[...]
</properties>
  <testcase name="testSpawning" classname="StaticEnemyTest" time="1.656">
    <system-out><![CDATA[Trying to spawn at: X: 192 Y: 48
Collision detected. Relocating...
Trying to spawn at: X: 912 Y: 144
Spawned new location at: X: 912 Y: 144
Trying to spawn at: X: 768 Y: 864
Spawned new location at: X: 768 Y: 864
Trying to spawn at: X: 480 Y: 816
Spawned new location at: X: 480 Y: 816
Trying to spawn at: X: 912 Y: 480
Spawned new location at: X: 912 Y: 480
Trying to spawn at: X: 576 Y: 384
Spawned new location at: X: 576 Y: 384
Trying to spawn at: X: 0 Y: 48
Spawned new location at: X: 0 Y: 48
Trying to spawn at: X: 0 Y: 720
Spawned new location at: X: 0 Y: 720
Trying to spawn at: X: 864 Y: 192
Spawned new location at: X: 864 Y: 192
Trying to spawn at: X: 816 Y: 384
Spawned new location at: X: 816 Y: 384
Trying to spawn at: X: 768 Y: 576
Collision detected. Relocating...
Trying to spawn at: X: 912 Y: 480
Spawned new location at: X: 912 Y: 480
Trying to spawn at: X: 432 Y: 336
Spawned new location at: X: 432 Y: 336
Trying to spawn at: X: 528 Y: 432
Spawned new location at: X: 528 Y: 432
]]></system-out>
  </testcase>
  <testcase name="testGetStaticEnemySprite" classname="StaticEnemyTest" time="0.232">
    <system-out><![CDATA[Trying to spawn at: X: 720 Y: 336
Spawned new location at: X: 720 Y: 336
Trying to spawn at: X: 672 Y: 384
Collision detected. Relocating...
Trying to spawn at: X: 0 Y: 192
Spawned new location at: X: 0 Y: 192
Trying to spawn at: X: 48 Y: 144
Collision detected. Relocating...
Trying to spawn at: X: 432 Y: 624
Spawned new location at: X: 432 Y: 624
Trying to spawn at: X: 864 Y: 144
Spawned new location at: X: 864 Y: 144
Trying to spawn at: X: 432 Y: 432
Spawned new location at: X: 432 Y: 432
Trying to spawn at: X: 672 Y: 48
Spawned new location at: X: 672 Y: 48
Trying to spawn at: X: 288 Y: 624
Collision detected. Relocating...
Trying to spawn at: X: 912 Y: 624
Spawned new location at: X: 912 Y: 624
Trying to spawn at: X: 384 Y: 432
Spawned new location at: X: 384 Y: 432
Trying to spawn at: X: 384 Y: 528
Spawned new location at: X: 384 Y: 528
Trying to spawn at: X: 96 Y: 240
Collision detected. Relocating...
Trying to spawn at: X: 576 Y: 384
Spawned new location at: X: 576 Y: 384
Trying to spawn at: X: 720 Y: 240
Spawned new location at: X: 720 Y: 240
]]></system-out>
  </testcase>
  <testcase name="testIsDetectedGetterAndSetter" classname="StaticEnemyTest" time="0.239">
    <system-out><![CDATA[Trying to spawn at: X: 432 Y: 720
Spawned new location at: X: 432 Y: 720
Trying to spawn at: X: 816 Y: 672
Spawned new location at: X: 816 Y: 672
Score: -160
Trying to spawn at: X: 240 Y: 672
Collision detected. Relocating...
Trying to spawn at: X: 768 Y: 48
Spawned new location at: X: 768 Y: 48
EXPIRED: false DURATION: 1 RANDOM: 0
]]></system-out>
  </testcase>
  <testcase name="testDamageAmountGetterAndSetter" classname="StaticEnemyTest" time="0.393">
    <system-out><![CDATA[EXPIRED: false DURATION: 1 RANDOM: 0
Trying to spawn at: X: 672 Y: 144
Spawned new location at: X: 672 Y: 144
Trying to spawn at: X: 624 Y: 816
Spawned new location at: X: 624 Y: 816
Trying to spawn at: X: 624 Y: 528
Collision detected. Relocating...
Trying to spawn at: X: 672 Y: 0
Collision detected. Relocating...
Trying to spawn at: X: 48 Y: 864
Spawned new location at: X: 48 Y: 864
Trying to spawn at: X: 144 Y: 672
Collision detected. Relocating...
Trying to spawn at: X: 864 Y: 720
Spawned new location at: X: 864 Y: 720
Trying to spawn at: X: 96 Y: 816
Spawned new location at: X: 96 Y: 816
Trying to spawn at: X: 144 Y: 624
Collision detected. Relocating...
Trying to spawn at: X: 288 Y: 480
Spawned new location at: X: 288 Y: 480
Trying to spawn at: X: 864 Y: 768
Spawned new location at: X: 864 Y: 768
Trying to spawn at: X: 0 Y: 192
Spawned new location at: X: 0 Y: 192
EXPIRED: true DURATION: 0 RANDOM: 1
Trying to spawn at: X: 720 Y: 432
Spawned new location at: X: 720 Y: 432
Trying to spawn at: X: 144 Y: 528
Collision detected. Relocating...
Trying to spawn at: X: 768 Y: 192
Spawned new location at: X: 768 Y: 192
Trying to spawn at: X: 240 Y: 240
Spawned new location at: X: 240 Y: 240
Trying to spawn at: X: 384 Y: 384
Spawned new location at: X: 384 Y: 384
]]></system-out>
  </testcase>
  <testcase name="testUpdate" classname="StaticEnemyTest" time="0.276">
    <failure type="java.lang.AssertionError"><![CDATA[java.lang.AssertionError
	at org.junit.Assert.fail(Assert.java:87)
	at org.junit.Assert.assertTrue(Assert.java:42)
	at org.junit.Assert.assertTrue(Assert.java:53)
	at StaticEnemyTest.testUpdate(StaticEnemyTest.java:73)
	at java.base/jdk.internal.reflect.DirectMethodHandleAccessor.invoke(DirectMethodHandleAccessor.java:104)
	at java.base/java.lang.reflect.Method.invoke(Method.java:578)
	at org.junit.runners.model.FrameworkMethod$1.runReflectiveCall(FrameworkMethod.java:59)
	at org.junit.internal.runners.model.ReflectiveCallable.run(ReflectiveCallable.java:12)
	at org.junit.runners.model.FrameworkMethod.invokeExplosively(FrameworkMethod.java:56)
	at org.junit.internal.runners.statements.InvokeMethod.evaluate(InvokeMethod.java:17)
	at org.junit.internal.runners.statements.RunBefores.evaluate(RunBefores.java:26)
	at org.junit.runners.ParentRunner$3.evaluate(ParentRunner.java:306)
	at org.junit.runners.BlockJUnit4ClassRunner$1.evaluate(BlockJUnit4ClassRunner.java:100)
	at org.junit.runners.ParentRunner.runLeaf(ParentRunner.java:366)
	at org.junit.runners.BlockJUnit4ClassRunner.runChild(BlockJUnit4ClassRunner.java:103)
	at org.junit.runners.BlockJUnit4ClassRunner.runChild(BlockJUnit4ClassRunner.java:63)
	at org.junit.runners.ParentRunner$4.run(ParentRunner.java:331)
	at org.junit.runners.ParentRunner$1.schedule(ParentRunner.java:79)
	at org.junit.runners.ParentRunner.runChildren(ParentRunner.java:329)
	at org.junit.runners.ParentRunner.access$100(ParentRunner.java:66)
	at org.junit.runners.ParentRunner$2.evaluate(ParentRunner.java:293)
	at org.junit.runners.ParentRunner$3.evaluate(ParentRunner.java:306)
	at org.junit.runners.ParentRunner.run(ParentRunner.java:413)
	at org.apache.maven.surefire.junit4.JUnit4Provider.execute(JUnit4Provider.java:377)
	at org.apache.maven.surefire.junit4.JUnit4Provider.executeWithRerun(JUnit4Provider.java:284)
	at org.apache.maven.surefire.junit4.JUnit4Provider.executeTestSet(JUnit4Provider.java:248)
	at org.apache.maven.surefire.junit4.JUnit4Provider.invoke(JUnit4Provider.java:167)
	at org.apache.maven.surefire.booter.ForkedBooter.runSuitesInProcess(ForkedBooter.java:456)
	at org.apache.maven.surefire.booter.ForkedBooter.execute(ForkedBooter.java:169)
	at org.apache.maven.surefire.booter.ForkedBooter.run(ForkedBooter.java:595)
	at org.apache.maven.surefire.booter.ForkedBooter.main(ForkedBooter.java:581)
]]></failure>
    <system-out><![CDATA[EXPIRED: false DURATION: 1 RANDOM: 0
Trying to spawn at: X: 192 Y: 96
Spawned new location at: X: 192 Y: 96
EXPIRED: true DURATION: 0 RANDOM: 1
Trying to spawn at: X: 96 Y: 480
Spawned new location at: X: 96 Y: 480
Trying to spawn at: X: 240 Y: 48
Spawned new location at: X: 240 Y: 48
Trying to spawn at: X: 624 Y: 384
Collision detected. Relocating...
Trying to spawn at: X: 384 Y: 768
Spawned new location at: X: 384 Y: 768
Trying to spawn at: X: 864 Y: 624
Collision detected. Relocating...
Trying to spawn at: X: 576 Y: 720
Spawned new location at: X: 576 Y: 720
Trying to spawn at: X: 0 Y: 144
Spawned new location at: X: 0 Y: 144
Trying to spawn at: X: 528 Y: 864
Spawned new location at: X: 528 Y: 864
Trying to spawn at: X: 624 Y: 432
Spawned new location at: X: 624 Y: 432
Score: -161
Trying to spawn at: X: 144 Y: 432
Collision detected. Relocating...
Trying to spawn at: X: 576 Y: 432
Spawned new location at: X: 576 Y: 432
]]></system-out>
  </testcase>
  <testcase name="testVisibleGetterAndSetter" classname="StaticEnemyTest" time="0.202">
    <system-out><![CDATA[Trying to spawn at: X: 96 Y: 96
X: 432 Y: 336
Spawned new location at: X: 96 Y: 96
Trying to spawn at: X: 720 Y: 288
Collision detected. Relocating...
Trying to spawn at: X: 720 Y: 528
Collision detected. Relocating...
Trying to spawn at: X: 528 Y: 576
Spawned new location at: X: 528 Y: 576
Trying to spawn at: X: 240 Y: 864
Spawned new location at: X: 240 Y: 864
Trying to spawn at: X: 288 Y: 768
Collision detected. Relocating...
Trying to spawn at: X: 288 Y: 96
Spawned new location at: X: 288 Y: 96
Trying to spawn at: X: 720 Y: 240
Spawned new location at: X: 720 Y: 240
Trying to spawn at: X: 912 Y: 720
Spawned new location at: X: 912 Y: 720
EXPIRED: true DURATION: 0 RANDOM: 3
Trying to spawn at: X: 816 Y: 432
Spawned new location at: X: 816 Y: 432
EXPIRED: false DURATION: 1 RANDOM: 0
Trying to spawn at: X: 432 Y: 48
Spawned new location at: X: 432 Y: 48
Trying to spawn at: X: 144 Y: 768
Collision detected. Relocating...
Trying to spawn at: X: 864 Y: 288
Spawned new location at: X: 864 Y: 288
Trying to spawn at: X: 480 Y: 816
Spawned new location at: X: 480 Y: 816
]]></system-out>
  </testcase>
</testsuite>