<?xml version="1.0" encoding="UTF-8"?>
<testsuite xmlns:xsi="http://www.w3.org/2001/XMLSchema-instance" xsi:noNamespaceSchemaLocation="https://maven.apache.org/surefire/maven-surefire-plugin/xsd/surefire-test-report.xsd" name="MovingEnemyTest" time="14.195" tests="5" errors="2" skipped="0" failures="0">
  <properties>
[...]
</properties>
  <testcase name="testMoveTowards" classname="MovingEnemyTest" time="7.118"/>
  <testcase name="testSpawning" classname="MovingEnemyTest" time="0.371"/>
  <testcase name="testMoveTowardsAlt" classname="MovingEnemyTest" time="0.76">
    <error message="Cannot invoke &quot;String.equals(Object)&quot; because &quot;direction&quot; is null" type="java.lang.NullPointerException">java.lang.NullPointerException: Cannot invoke "String.equals(Object)" because "direction" is null
	at MovingEnemyTest.testMoveTowardsAlt(MovingEnemyTest.java:53)
</error>
    <system-out><![CDATA[X: 144 Y: 672
IT RELOCATE FOR STATIC
X: 432 Y: 0
IT RELOCATE FOR STATIC
X: 240 Y: 48
IT RELOCATE FOR STATIC
X: 192 Y: 672
IT RELOCATE FOR STATIC
X: 912 Y: 240
IT RELOCATE FOR STATIC
EXPIRED: false DURATION: 1 RANDOM: 0
X: 336 Y: 288
IT RELOCATE FOR STATIC
]]></system-out>
  </testcase>
  <testcase name="testDamageAmountGetterAndSetter" classname="MovingEnemyTest" time="0.51"/>
  <testcase name="testUpdate" classname="MovingEnemyTest" time="5.389">
    <error message="Cannot invoke &quot;String.hashCode()&quot; because &quot;&lt;local13&gt;&quot; is null" type="java.lang.NullPointerException"><![CDATA[java.lang.NullPointerException: Cannot invoke "String.hashCode()" because "<local13>" is null
	at MovingEnemyTest.testUpdate(MovingEnemyTest.java:60)
]]></error>
    <system-out><![CDATA[X: 768 Y: 288
IT RELOCATE FOR STATIC
X: 96 Y: 384
IT RELOCATE FOR STATIC
EXPIRED: true DURATION: 0 RANDOM: 4
X: 816 Y: 384
EXPIRED: false DURATION: 1 RANDOM: 0
X: 576 Y: 96
EXPIRED: false DURATION: 1 RANDOM: 0
X: 816 Y: 384
EXPIRED: true DURATION: 0 RANDOM: 0
X: 576 Y: 96
EXPIRED: true DURATION: 0 RANDOM: 0
X: 816 Y: 384
X: 528 Y: 144
IT RELOCATE FOR STATIC
X: 48 Y: 432
IT RELOCATE FOR STATIC
X: 576 Y: 96
X: 816 Y: 384
EXPIRED: false DURATION: 2 RANDOM: 0
X: 576 Y: 96
EXPIRED: false DURATION: 1 RANDOM: 0
EXPIRED: true DURATION: 0 RANDOM: 0
EXPIRED: false DURATION: 1 RANDOM: 0
EXPIRED: true DURATION: 0 RANDOM: 8
EXPIRED: false DURATION: 16 RANDOM: 0
X: 480 Y: 432
EXPIRED: false DURATION: 15 RANDOM: 0
X: 480 Y: 432
EXPIRED: false DURATION: 14 RANDOM: 0
X: 480 Y: 432
EXPIRED: false DURATION: 13 RANDOM: 0
X: 480 Y: 432
EXPIRED: false DURATION: 12 RANDOM: 0
X: 480 Y: 432
EXPIRED: false DURATION: 11 RANDOM: 0
]]></system-out>
  </testcase>
</testsuite>